[13:48:08] [main/INFO]: Environment: authHost='https://authserver.mojang.com', accountsHost='https://api.mojang.com', sessionHost='https://sessionserver.mojang.com', name='PROD'
[13:48:08] [main/INFO]: Reloading ResourceManager: Default, bukkit
[13:48:09] [Worker-Main-5/INFO]: Loaded 7 recipes
[13:48:10] [Server thread/INFO]: Starting minecraft server version 1.16.3
[13:48:10] [Server thread/INFO]: Loading properties
[13:48:10] [Server thread/INFO]: This server is running Tuinity version git-Tuinity-"88a2c88" (MC: 1.16.3) (Implementing API version 1.16.3-R0.1-SNAPSHOT)
[13:48:10] [Server thread/INFO]: Debug logging is disabled
[13:48:10] [Server thread/INFO]: Using 4 threads for Netty based IO
[13:48:10] [Server thread/INFO]: Server Ping Player Sample Count: 12
[13:48:10] [Server thread/INFO]: Default game type: SURVIVAL
[13:48:10] [Server thread/INFO]: Generating keypair
[13:48:10] [Server thread/INFO]: Starting Minecraft server on 0.0.0.0:20026
[13:48:10] [Server thread/INFO]: Using default channel type
[13:48:10] [Server thread/WARN]: Initializing Legacy Material Support. Unless you have legacy plugins and/or data this is a bug!
[13:48:12] [Server thread/WARN]: Legacy plugin DisableJoinMessage v1.0 does not specify an api-version.
[13:48:12] [Server thread/WARN]: Legacy plugin Hub v1.3-RELASE does not specify an api-version.
[13:48:12] [Server thread/WARN]: Legacy plugin NametagEdit v4.4.10 does not specify an api-version.
[13:48:12] [Server thread/WARN]: Legacy plugin Scoreboard-revision vR4 1.1 RELEASE does not specify an api-version.
[13:48:12] [Server thread/WARN]: Legacy plugin ChatFormat v3.4 does not specify an api-version.
[13:48:12] [Server thread/INFO]: [LuckPerms] Loading LuckPerms v5.1.26
[13:48:12] [Server thread/INFO]: [WorldEdit] Loading WorldEdit v7.1.0;8e55131
[13:48:12] [Server thread/INFO]: Got request to register class com.sk89q.worldedit.bukkit.BukkitServerInterface with WorldEdit [com.sk89q.worldedit.extension.platform.PlatformManager@471ccd90]
[13:48:12] [Server thread/INFO]: [PlaceholderAPI] Loading PlaceholderAPI v2.10.9
[13:48:12] [Server thread/INFO]: [DisableJoinMessage] Loading DisableJoinMessage v1.0
[13:48:12] [Server thread/INFO]: [ChatControl] Loading ChatControl v5.8.7
[13:48:12] [Server thread/INFO]: [DevTools] Loading DevTools v0.1
[13:48:12] [Server thread/INFO]: [PlugMan] Loading PlugMan v2.1.7
[13:48:12] [Server thread/INFO]: [Hub] Loading Hub v1.3-RELASE
[13:48:12] [Server thread/INFO]: [ViaVersion] Loading ViaVersion v4.0.1
[13:48:12] [Server thread/INFO]: [ViaVersion] ViaVersion 4.0.1 is now loaded, injecting!
[13:48:12] [Via-Mappingloader-0/INFO]: [ViaVersion] Loading 1.12 -> 1.13 mappings...
[13:48:12] [Via-Mappingloader-1/INFO]: [ViaVersion] Loading 1.13 -> 1.13.2 mappings...
[13:48:12] [Via-Mappingloader-2/INFO]: [ViaVersion] Loading 1.13.2 -> 1.14 mappings...
[13:48:12] [Via-Mappingloader-3/INFO]: [ViaVersion] Loading 1.14 -> 1.15 mappings...
[13:48:12] [Via-Mappingloader-4/INFO]: [ViaVersion] Loading 1.15 -> 1.16 mappings...
[13:48:13] [Via-Mappingloader-3/INFO]: [ViaVersion] Loading 1.16 -> 1.16.2 mappings...
[13:48:13] [Via-Mappingloader-0/INFO]: [ViaVersion] Loading block connection mappings ...
[13:48:13] [Via-Mappingloader-2/INFO]: [ViaVersion] Loading 1.16.2 -> 1.17 mappings...
[13:48:13] [Server thread/INFO]: [NametagEdit] Loading NametagEdit v4.4.10
[13:48:13] [Server thread/INFO]: [Vault] Loading Vault v1.7.3-b131
[13:48:13] [Server thread/INFO]: [ProtocolLib] Loading ProtocolLib v4.6.0-SNAPSHOT-b480
[13:48:13] [Server thread/WARN]: [ProtocolLib] Version (MC: 1.16.3) has not yet been tested! Proceed with caution.
[13:48:13] [Server thread/INFO]: [WorldGuard] Loading WorldGuard v7.0.4+f7ff984
[13:48:13] [Server thread/INFO]: [LagAssist] Loading LagAssist v2.23.1
[13:48:13] [Server thread/INFO]: [Citizens] Loading Citizens v2.0.27-SNAPSHOT (build 2129)
[13:48:13] [Server thread/INFO]: [Sigma] Loading Sigma v1.2.0
[13:48:13] [Server thread/INFO]: [Essentials] Loading Essentials v2.18.0.10
[13:48:13] [Server thread/INFO]: [Scoreboard-revision] Loading Scoreboard-revision vR4 1.1 RELEASE
[13:48:13] [Server thread/INFO]: [BungeeGuard] Loading BungeeGuard v1.2-SNAPSHOT
[13:48:13] [Server thread/INFO]: [DeluxeMenus] Loading DeluxeMenus v1.13.3-Release
[13:48:13] [Server thread/INFO]: [EpicHeads] Loading EpicHeads v3.2.13
[13:48:13] [Server thread/INFO]: [EssentialsSpawn] Loading EssentialsSpawn v2.18.0.10
[13:48:13] [Server thread/INFO]: [ChatFormat] Loading ChatFormat v3.4
[13:48:13] [Server thread/INFO]: Server permissions file permissions.yml is empty, ignoring it
[13:48:13] [Server thread/INFO]: [LuckPerms] Enabling LuckPerms v5.1.26
[13:48:13] [Server thread/INFO]:         __    
[13:48:13] [Server thread/INFO]:   |    |__)   LuckPerms v5.1.26
[13:48:13] [Server thread/INFO]:   |___ |      Running on Bukkit - Tuinity
[13:48:13] [Server thread/INFO]: 
[13:48:13] [Server thread/INFO]: [LuckPerms] Loading configuration...
[13:48:13] [Server thread/INFO]: [LuckPerms] Loading storage provider... [H2]
[13:48:14] [Server thread/INFO]: [LuckPerms] Loading internal permission managers...
[13:48:14] [Server thread/INFO]: [LuckPerms] Performing initial data load...
[13:48:14] [Server thread/INFO]: [LuckPerms] Successfully enabled. (took 1124ms)
[13:48:14] [Server thread/INFO]: [WorldEdit] Enabling WorldEdit v7.1.0;8e55131
[13:48:14] [Server thread/WARN]: [WorldEdit] Loaded class net.milkbowl.vault.permission.Permission from Vault v1.7.3-b131 which is not a depend, softdepend or loadbefore of this plugin.
[13:48:14] [Server thread/INFO]: WEPIF: Using the Bukkit Permissions API.
[13:48:14] [Server thread/WARN]: 
**********************************************
** This WorldEdit version does not fully support your version of Bukkit.
**
** When working with blocks or undoing, chests will be empty, signs
** will be blank, and so on. There will be no support for entity
** and block property-related functions.
**
** Please see https://worldedit.enginehub.org/en/latest/faq/#bukkit-adapters
**********************************************

[13:48:14] [Server thread/INFO]: [Vault] Enabling Vault v1.7.3-b131
[13:48:14] [Server thread/WARN]: [Vault] Loaded class com.earth2me.essentials.api.Economy from Essentials v2.18.0.10 which is not a depend, softdepend or loadbefore of this plugin.
[13:48:14] [Server thread/INFO]: [Vault] [Economy] Essentials Economy found: Waiting
[13:48:14] [Server thread/INFO]: [Vault] [Permission] SuperPermissions loaded as backup permission system.
[13:48:14] [Server thread/INFO]: [Vault] Enabled Version 1.7.3-b131
[13:48:14] [Server thread/WARN]: [LuckPerms] Loaded class net.milkbowl.vault.permission.Permission from Vault v1.7.3-b131 which is not a depend, softdepend or loadbefore of this plugin.
[13:48:14] [Server thread/INFO]: [LuckPerms] Registered Vault permission & chat hook.
[13:48:14] [Server thread/INFO]: WEPIF: Vault detected! Using Vault for permissions
[13:48:14] [Server thread/INFO]: [ProtocolLib] Enabling ProtocolLib v4.6.0-SNAPSHOT-b480
[13:48:14] [Server thread/INFO]: [ProtocolLib] Started structure compiler thread.
[13:48:14] [Server thread/WARN]: **** SERVER IS RUNNING IN OFFLINE/INSECURE MODE!
[13:48:14] [Server thread/WARN]: The server will make no attempt to authenticate usernames. Beware.
[13:48:14] [Server thread/WARN]: Whilst this makes it possible to use BungeeCord, unless access to your server is properly restricted, it also opens up the ability for hackers to connect with any username they choose.
[13:48:14] [Server thread/WARN]: Please see http://www.spigotmc.org/wiki/firewall-guide/ for further information.
[13:48:14] [Server thread/WARN]: To change this, set "online-mode" to "true" in the server.properties file.
[13:48:14] [Server thread/INFO]: Preparing level "world"
[13:48:14] [Server thread/INFO]: -------- World Settings For [world] --------
[13:48:14] [Server thread/INFO]: Custom Map Seeds:  Village: 10387312 Desert: 14357617 Igloo: 14357618 Jungle: 14357619 Swamp: 14357620 Monument: 10387313 Ocean: 14357621 Shipwreck: 165745295 End City: 10387313 Slime: 987234911 Bastion: 30084232 Fortress: 30084232 Mansion: 10387319 Fossil: 14357921 Portal: 34222645
[13:48:14] [Server thread/INFO]: Cactus Growth Modifier: 100%
[13:48:14] [Server thread/INFO]: Cane Growth Modifier: 100%
[13:48:14] [Server thread/INFO]: Melon Growth Modifier: 100%
[13:48:14] [Server thread/INFO]: Mushroom Growth Modifier: 100%
[13:48:14] [Server thread/INFO]: Pumpkin Growth Modifier: 100%
[13:48:14] [Server thread/INFO]: Sapling Growth Modifier: 100%
[13:48:14] [Server thread/INFO]: Beetroot Growth Modifier: 100%
[13:48:14] [Server thread/INFO]: Carrot Growth Modifier: 100%
[13:48:14] [Server thread/INFO]: Potato Growth Modifier: 100%
[13:48:14] [Server thread/INFO]: Wheat Growth Modifier: 100%
[13:48:14] [Server thread/INFO]: NetherWart Growth Modifier: 100%
[13:48:14] [Server thread/INFO]: Vine Growth Modifier: 100%
[13:48:14] [Server thread/INFO]: Cocoa Growth Modifier: 100%
[13:48:14] [Server thread/INFO]: Bamboo Growth Modifier: 100%
[13:48:14] [Server thread/INFO]: SweetBerry Growth Modifier: 100%
[13:48:14] [Server thread/INFO]: Kelp Growth Modifier: 100%
[13:48:14] [Server thread/INFO]: Experience Merge Radius: 5.0
[13:48:14] [Server thread/INFO]: Max TNT Explosions: 5
[13:48:14] [Server thread/INFO]: Tile Max Tick Time: 50ms Entity max Tick Time: 50ms
[13:48:14] [Server thread/INFO]: Entity Activation Range: An 32 / Mo 32 / Ra 48 / Mi 16 / Tiv false
[13:48:14] [Server thread/INFO]: Hopper Transfer: 8 Hopper Check: 1 Hopper Amount: 1
[13:48:14] [Server thread/INFO]: Allow Zombie Pigmen to spawn from portal blocks: true
[13:48:14] [Server thread/INFO]: Entity Tracking Range: Pl 48 / An 48 / Mo 48 / Mi 32 / Other 64
[13:48:14] [Server thread/INFO]: Item Despawn Rate: 2400
[13:48:14] [Server thread/INFO]: Item Merge Radius: 5.5
[13:48:14] [Server thread/INFO]: View Distance: 10
[13:48:14] [Server thread/INFO]: Mob Spawn Range: 3
[13:48:14] [Server thread/INFO]: Zombie Aggressive Towards Villager: false
[13:48:14] [Server thread/INFO]: Arrow Despawn Rate: 1200 Trident Respawn Rate:1200
[13:48:14] [Server thread/INFO]: Nerfing mobs spawned from spawners: true
[13:48:14] [Server thread/INFO]: Registering commands with com.sk89q.worldedit.bukkit.BukkitServerInterface
[13:48:14] [Server thread/INFO]: Preparing start region for dimension minecraft:overworld
[13:48:14] [Server thread/INFO]: Loaded 0 spawn chunks for world world
[13:48:14] [Server thread/INFO]: Preparing spawn area: 0%
[13:48:15] [Server thread/INFO]: Time elapsed: 204 ms
[13:48:15] [Server thread/INFO]: [PlaceholderAPI] Enabling PlaceholderAPI v2.10.9
[13:48:15] [Server thread/INFO]: [PlaceholderAPI] Fetching available expansion information...
[13:48:15] [Server thread/INFO]: [DisableJoinMessage] Enabling DisableJoinMessage v1.0*
[13:48:15] [Server thread/INFO]: ===================================
[13:48:15] [Server thread/INFO]: ===================================
[13:48:15] [Server thread/INFO]: Check out my other Plugins!
[13:48:15] [Server thread/INFO]: I also sell a BedWars Plugin!
[13:48:15] [Server thread/INFO]: ===================================
[13:48:15] [Server thread/INFO]: ===================================
[13:48:15] [Server thread/INFO]: [ChatControl] Enabling ChatControl v5.8.7
[13:48:15] [Server thread/INFO]: Hooked into: Essentials
[13:48:15] [Server thread/WARN]: [ChatControl] Loaded class com.earth2me.essentials.Essentials from Essentials v2.18.0.10 which is not a depend, softdepend or loadbefore of this plugin.
[13:48:15] [Server thread/INFO]: Hooked into: ProtocolLib (Packet Features)
[13:48:15] [Server thread/WARN]: [ChatControl] Loaded class com.comphenix.protocol.events.PacketListener from ProtocolLib v4.6.0-SNAPSHOT-b480 which is not a depend, softdepend or loadbefore of this plugin.
[13:48:15] [Server thread/INFO]: Hooked into: Vault
[13:48:15] [Server thread/WARN]: [ChatControl] Loaded class net.milkbowl.vault.economy.Economy from Vault v1.7.3-b131 which is not a depend, softdepend or loadbefore of this plugin.
[13:48:15] [Server thread/INFO]: Hooked into: PlaceholderAPI
[13:48:15] [Server thread/INFO]: Starting checker listener with NORMAL priority
[13:48:15] [Server thread/INFO]: [DevTools] Enabling DevTools v0.1
[13:48:15] [Server thread/INFO]: DevTools ? Enabling Systems:
[13:48:15] [Server thread/INFO]:     [?] Event-Listeners loaded
[13:48:15] [Server thread/INFO]: [PlugMan] Enabling PlugMan v2.1.7
[13:48:15] [Server thread/INFO]: [Hub] Enabling Hub v1.3-RELASE*
[13:48:15] [Server thread/INFO]: [ViaVersion] Enabling ViaVersion v4.0.1
[13:48:15] [Server thread/INFO]: [NametagEdit] Enabling NametagEdit v4.4.10*
[13:48:15] [Server thread/INFO]: [NametagEdit] Found LuckPerms! Hooking in.
[13:48:15] [Server thread/WARN]: [NametagEdit] Loaded class net.luckperms.api.LuckPermsProvider from LuckPerms v5.1.26 which is not a depend, softdepend or loadbefore of this plugin.
[13:48:15] [Server thread/INFO]: [WorldGuard] Enabling WorldGuard v7.0.4+f7ff984
[13:48:15] [Server thread/INFO]: [WorldGuard] (world) TNT ignition is PERMITTED.
[13:48:15] [Server thread/INFO]: [WorldGuard] (world) Lighters are PERMITTED.
[13:48:15] [Server thread/INFO]: [WorldGuard] (world) Lava fire is PERMITTED.
[13:48:15] [Server thread/INFO]: [WorldGuard] (world) Fire spread is UNRESTRICTED.
[13:48:15] [Server thread/INFO]: [WorldGuard] Loaded configuration for world 'world'
[13:48:15] [Server thread/INFO]: [WorldGuard] Loading region data...
[13:48:15] [Server thread/INFO]: [LagAssist] Enabling LagAssist v2.23.1
[13:48:15] [Server thread/INFO]: LagAssist ? Enabling Systems:
[13:48:15] [Server thread/INFO]:     [?] Economy manager
[13:48:15] [Server thread/INFO]:     [?] Smart Mob Tools.
[13:48:15] [Server thread/INFO]:     [?] MicroFeatures.
[13:48:15] [Server thread/INFO]:     [?] Hopper Manager.
[13:48:15] [Server thread/INFO]:     [?] Redstone Culler.
[13:48:15] [Server thread/INFO]:     [?] Physics-Tweaker.
[13:48:15] [Server thread/INFO]:     [?] Lag Monitor.
[13:48:15] [Server thread/INFO]:     [?] MapVisualizer.
[13:48:15] [Server thread/INFO]:     [?] Chunk Analyser.
[13:48:15] [Server thread/INFO]:     [?] Chunk Limiter.
[13:48:15] [Server thread/INFO]:     [?] StatsAnalyse.
[13:48:15] [Server thread/INFO]:     [?] LogCleaner System.
[13:48:15] [Server thread/INFO]:     [?] Spawner Manager.
[13:48:15] [Server thread/INFO]:     [?] ChunkManager.
[13:48:15] [Server thread/INFO]:     [?] GUI.
[13:48:15] [Server thread/INFO]:     [?] Injecting PacketListener.
[13:48:15] [Server thread/INFO]:     [?] API Tools.
[13:48:15] [Server thread/INFO]: [Citizens] Enabling Citizens v2.0.27-SNAPSHOT (build 2129)
[13:48:15] [Server thread/INFO]: [Sigma] Enabling Sigma v1.2.0
[13:48:15] [Server thread/INFO]: Sigma > Attempting papi hook.
[13:48:15] [Server thread/INFO]: [PlaceholderAPI] Successfully registered expansion: pepsico
[13:48:15] [Server thread/INFO]: Sigma > Placeholder hook enabled.
[13:48:15] [Server thread/INFO]: [Essentials] Enabling Essentials v2.18.0.10
[13:48:15] [Server thread/ERROR]: [Essentials] You are running an unsupported server version!
[13:48:15] [Server thread/INFO]: [Essentials] Attempting to convert old kits in config.yml to new kits.yml
[13:48:15] [Server thread/INFO]: [Essentials] No kits found to migrate.
[13:48:15] [Server thread/INFO]: [Essentials] Loaded 25515 items from items.json.
[13:48:15] [Server thread/INFO]: [Essentials] Using locale zh_CN
[13:48:15] [Server thread/INFO]: [Essentials] ServerListPingEvent: Spigot iterator API
[13:48:16] [Server thread/INFO]: [Essentials] Starting Metrics. Opt-out using the global bStats config.
[13:48:16] [Server thread/INFO]: [Vault] [Economy] Essentials Economy hooked.
[13:48:16] [Server thread/INFO]: [Essentials] Using Vault based permissions (LuckPerms)
[13:48:16] [Server thread/INFO]: [Scoreboard-revision] Enabling Scoreboard-revision vR4 1.1 RELEASE*
[13:48:16] [Server thread/INFO]: [BungeeGuard] Enabling BungeeGuard v1.2-SNAPSHOT
[13:48:16] [Server thread/INFO]: [BungeeGuard] Using Paper's PlayerHandshakeEvent to listen for connections.
[13:48:16] [Server thread/INFO]: [DeluxeMenus] Enabling DeluxeMenus v1.13.3-Release
[13:48:16] [Server thread/INFO]: [DeluxeMenus] Hooked into PlaceholderAPI!
[13:48:16] [Server thread/WARN]: [DeluxeMenus] open_command specified for menu: requirements_menu already exists for another menu!
[13:48:16] [Server thread/WARN]: [DeluxeMenus] Skipping menu: requirements_menu
[13:48:16] [Server thread/INFO]: [DeluxeMenus] 2 GUI menus loaded!
[13:48:16] [Server thread/INFO]: [DeluxeMenus] You are running the latest version of DeluxeMenus!
[13:48:16] [Server thread/INFO]: [DeluxeMenus] Successfully hooked into Vault for economy requirement!
[13:48:16] [Server thread/INFO]: [DeluxeMenus] NMS hook has been setup
[13:48:16] [Server thread/INFO]: [PlaceholderAPI] Successfully registered expansion: deluxemenus
[13:48:16] [Server thread/INFO]: [EpicHeads] Enabling EpicHeads v3.2.13
[13:48:16] [Server thread/INFO]:  
[13:48:16] [Server thread/INFO]: =============================
[13:48:16] [Server thread/INFO]: EpicHeads 3.2.13 by Songoda <3!
[13:48:16] [Server thread/INFO]: Action: Enabling...
[13:48:16] [Server thread/INFO]: [EpicHeads] Loaded locale "en_US"
[13:48:17] [Server thread/INFO]: [SongodaCore] Hooked EpicHeads.
[13:48:17] [Server thread/INFO]: Failed to download heads.
[13:48:17] [Server thread/INFO]: loaded 21245 Heads.
[13:48:17] [Server thread/INFO]: =============================
[13:48:17] [Server thread/INFO]:  
[13:48:17] [Server thread/INFO]: [EssentialsSpawn] Enabling EssentialsSpawn v2.18.0.10
[13:48:17] [Server thread/INFO]: [EssentialsSpawn] Starting Metrics. Opt-out using the global bStats config.
[13:48:17] [Server thread/INFO]: [ChatFormat] Enabling ChatFormat v3.4*
[13:48:17] [Server thread/INFO]: [ChatFormat] **** CHATFORMAT ****
[13:48:17] [Server thread/INFO]: [ChatFormat]  
[13:48:17] [Server thread/INFO]: [ChatFormat]    - Vault hooked!
[13:48:17] [Server thread/INFO]: [ChatFormat]  
[13:48:17] [Server thread/INFO]: [ChatFormat]    - Vault economy hooked!
[13:48:17] [Server thread/INFO]: [ChatFormat]  
[13:48:17] [Server thread/INFO]: [ChatFormat]    - Essentials hooked!
[13:48:17] [Server thread/INFO]: [ChatFormat]  
[13:48:17] [Server thread/INFO]: [ChatFormat]    - PlaceHolderAPI hooked!
[13:48:17] [Server thread/INFO]: [ChatFormat]  
[13:48:17] [Server thread/INFO]: [ChatFormat]    - Plugin sucesfully enabled!
[13:48:17] [Server thread/INFO]: [ChatFormat]    - Plugin by Adin_SK
[13:48:17] [Server thread/INFO]: [ChatFormat]    - My next spigot plugins: https://www.spigotmc.org/resources/authors/adin_sk.80050/
[13:48:17] [Server thread/INFO]: [ChatFormat]  
[13:48:17] [Server thread/INFO]: [ChatFormat] ********************
[13:48:17] [Server thread/INFO]: [PlaceholderAPI] Placeholder expansion registration initializing...
[13:48:17] [Server thread/INFO]: Running delayed init tasks
[13:48:17] [Server thread/INFO]: [ViaVersion] ViaVersion detected server version: 1.16.3 (753)
[13:48:17] [Craft Scheduler Thread - 15 - Vault/INFO]: [Vault] Checking for Updates ... 
[13:48:17] [Server thread/WARN]: [ViaVersion] You are running an outdated Java version, please consider updating it to at least Java 16 (your version is 1.8.0_391). At some point in the future, ViaVersion will no longer be compatible with this version of Java.
[13:48:17] [Server thread/ERROR]: [Essentials] WARNING: Potential forced metrics collection by plugin 'ChatControl' v5.8.7
[13:48:17] [Server thread/ERROR]: [Essentials] Your server is running a plugin that may not respect bStats' opt-out settings.
[13:48:17] [Server thread/ERROR]: [Essentials] This may cause data to be uploaded to bStats.org for plugins that use bStats, even if you've opted out in the bStats config.
[13:48:17] [Server thread/ERROR]: [Essentials] Please report this to bStats and to the authors of 'ChatControl'. (Offending class: org.mineacademy.chatcontrol.Metrics)
[13:48:17] [Craft Scheduler Thread - 15 - Vault/INFO]: [Vault] No new version available
[13:48:17] [Server thread/INFO]: [Citizens] ÒÑÔØÈë 9 ¸öNPC.
[13:48:17] [Server thread/WARN]: [PAPI] [Javascript-Expansion] File: records_played.js for Javascript placeholder: records_played is empty
[13:48:17] [Server thread/INFO]: [PAPI] [Javascript-Expansion] 0 script loaded!
[13:48:17] [Server thread/INFO]: [PlaceholderAPI] Successfully registered expansion: javascript
[13:48:17] [Server thread/INFO]: [PlaceholderAPI] Successfully registered expansion: player
[13:48:17] [Server thread/INFO]: [PlaceholderAPI] Successfully registered expansion: server
[13:48:17] [Server thread/INFO]: [PlaceholderAPI] Successfully registered expansion: statistic
[13:48:17] [Server thread/INFO]: 4 placeholder hooks successfully registered!
[13:48:17] [Server thread/INFO]: [ViaVersion] Finished mapping loading, shutting down loader executor!
[13:48:17] [Server thread/INFO]: [PlaceholderAPI] An update for PlaceholderAPI (v2.11.5) is available at:
[13:48:17] [Server thread/INFO]: [PlaceholderAPI] https://www.spigotmc.org/resources/placeholderapi.6245/
[13:48:17] [Server thread/INFO]: Done (7.957s)! For help, type "help"
[13:48:17] [Server thread/INFO]: Timings Reset
[13:48:18] [Craft Scheduler Thread - 4 - LagAssist/INFO]: LagAssist ? We found a newer LagAssist version:
[13:48:18] [Craft Scheduler Thread - 4 - LagAssist/INFO]:     [?] Version: 2.28.0
[13:48:18] [Craft Scheduler Thread - 4 - LagAssist/INFO]:     [?] Reviews: 5.0¡ï
[13:48:18] [Craft Scheduler Thread - 4 - LagAssist/INFO]:     [?] Downloads: 680
[13:48:18] [Craft Scheduler Thread - 4 - LagAssist/INFO]:     [?] For more info, use /lagassist changelog
[13:48:18] [Server thread/WARN]: [ViaVersion] There is a newer plugin version available: 4.9.2, you're on: 4.0.1
[13:48:22] [Craft Scheduler Thread - 15 - EpicHeads/INFO]: Failed to parse json for EpicHeads update check
[13:51:06] [User Authenticator #1/INFO]: UUID of player masayukijpn is d197e04e-2f70-4d77-9c8e-96dcea138aaa
[13:51:06] [Server thread/INFO]: LEATHER_BOOTS
[13:51:06] [Server thread/INFO]: LEATHER_LEGGINGS
[13:51:06] [Server thread/INFO]: LEATHER_CHESTPLATE
[13:51:06] [Server thread/INFO]: LEATHER_HELMET
[13:51:06] [Server thread/INFO]: masayukijpn[/127.0.0.1:63128] logged in with entity id 46 at ([world]141.38150303333754, 4.0, 42.17769473895909)
[13:51:06] [Server thread/WARN]: [NametagEdit] Loaded class me.clip.placeholderapi.PlaceholderAPI from PlaceholderAPI v2.10.9 which is not a depend, softdepend or loadbefore of this plugin.
[13:51:07] [Server thread/WARN]: [EpicHeads] Loaded class us.myles.ViaVersion.api.Via from ViaVersion v4.0.1 which is not a depend, softdepend or loadbefore of this plugin.
[13:53:10] [Server thread/INFO]: masayukijpn issued server command: /warp middle
[13:53:10] [Server thread/INFO]: masayukijpn issued server command: /pepsi setrole MIDDLE_LAYER
[13:53:10] [Server thread/INFO]: LEATHER_BOOTS
[13:53:10] [Server thread/INFO]: LEATHER_LEGGINGS
[13:53:10] [Server thread/INFO]: LEATHER_CHESTPLATE
[13:53:10] [Server thread/INFO]: LEATHER_HELMET
